<?xml version="1.0" encoding="UTF-8"?>
<!-- Generated by org.testng.reporters.JUnitReportReporter -->
<testsuite skipped="0" hostname="SHREE-PC" name="tests.TestClassOne" tests="5" failures="0" timestamp="2020-05-08T16:29:40 IST" time="70.583" errors="0">
  <testcase name="TestStepOne" time="9.274" classname="tests.TestClassOne"/>
  <system-out/>
  <testcase name="TestStepTwo" time="6.982" classname="tests.TestClassOne"/>
  <system-out/>
  <testcase name="TestStepThree" time="13.351" classname="tests.TestClassOne"/>
  <system-out/>
  <testcase name="TestStepFour" time="9.478" classname="tests.TestClassOne"/>
  <system-out/>
  <testcase name="TestStepFive" time="31.498" classname="tests.TestClassOne"/>
  <system-out/>
</testsuite> <!-- tests.TestClassOne -->
